Line 30: Class BTNENHLib4.BtnEnh of control BtnEnh1 was not a loaded control class.
Line 147: Class BTNENHLib4.BtnEnh of control BtnEnh2 was not a loaded control class.
Line 264: Class BTNENHLib4.BtnEnh of control BtnEnh3 was not a loaded control class.
Line 381: Class BTNENHLib4.BtnEnh of control BtnEnh4 was not a loaded control class.
Line 498: Class BTNENHLib4.BtnEnh of control BtnEnh5 was not a loaded control class.
Line 615: Class AniGIFCtrl.AniGIF of control AniGIF1 was not a loaded control class.
Line 36: The property name _Version in BtnEnh1 is invalid.
Line 37: The property name _ExtentX in BtnEnh1 is invalid.
Line 38: The property name _ExtentY in BtnEnh1 is invalid.
Line 39: The property name _StockProps in BtnEnh1 is invalid.
Line 40: The property name Caption in BtnEnh1 is invalid.
Line 49: The property name FontCaption in BtnEnh1 is invalid.
Line 58: The property name FontTextLT in BtnEnh1 is invalid.
Line 67: The property name FontTextCT in BtnEnh1 is invalid.
Line 76: The property name FontTextRT in BtnEnh1 is invalid.
Line 85: The property name FontTextLM in BtnEnh1 is invalid.
Line 94: The property name FontTextRM in BtnEnh1 is invalid.
Line 103: The property name FontTextLB in BtnEnh1 is invalid.
Line 112: The property name FontTextCB in BtnEnh1 is invalid.
Line 121: The property name FontTextRB in BtnEnh1 is invalid.
Line 122: The property name Shape in BtnEnh1 is invalid.
Line 123: The property name Surface in BtnEnh1 is invalid.
Line 124: The property name ShadowColor in BtnEnh1 is invalid.
Line 125: The property name SmoothEdges in BtnEnh1 is invalid.
Line 126: The property name SpecialEffect in BtnEnh1 is invalid.
Line 127: The property name LogPixels in BtnEnh1 is invalid.
Line 128: The property name UserData in BtnEnh1 is invalid.
Line 129: The property name Res in BtnEnh1 is invalid.
Line 130: The property name BitsPix in BtnEnh1 is invalid.
Line 131: The property name textCaption in BtnEnh1 is invalid.
Line 132: The property name textLT in BtnEnh1 is invalid.
Line 133: The property name textCT in BtnEnh1 is invalid.
Line 134: The property name textRT in BtnEnh1 is invalid.
Line 135: The property name textLM in BtnEnh1 is invalid.
Line 136: The property name textRM in BtnEnh1 is invalid.
Line 137: The property name textLB in BtnEnh1 is invalid.
Line 138: The property name textCB in BtnEnh1 is invalid.
Line 139: The property name textRB in BtnEnh1 is invalid.
Line 140: The property name colorBack in BtnEnh1 is invalid.
Line 141: The property name colorIntern in BtnEnh1 is invalid.
Line 142: The property name colorMO in BtnEnh1 is invalid.
Line 143: The property name colorFocus in BtnEnh1 is invalid.
Line 144: The property name colorDisabled in BtnEnh1 is invalid.
Line 145: The property name colorPressed in BtnEnh1 is invalid.
Line 153: The property name _Version in BtnEnh2 is invalid.
Line 154: The property name _ExtentX in BtnEnh2 is invalid.
Line 155: The property name _ExtentY in BtnEnh2 is invalid.
Line 156: The property name _StockProps in BtnEnh2 is invalid.
Line 157: The property name Caption in BtnEnh2 is invalid.
Line 166: The property name FontCaption in BtnEnh2 is invalid.
Line 175: The property name FontTextLT in BtnEnh2 is invalid.
Line 184: The property name FontTextCT in BtnEnh2 is invalid.
Line 193: The property name FontTextRT in BtnEnh2 is invalid.
Line 202: The property name FontTextLM in BtnEnh2 is invalid.
Line 211: The property name FontTextRM in BtnEnh2 is invalid.
Line 220: The property name FontTextLB in BtnEnh2 is invalid.
Line 229: The property name FontTextCB in BtnEnh2 is invalid.
Line 238: The property name FontTextRB in BtnEnh2 is invalid.
Line 239: The property name Shape in BtnEnh2 is invalid.
Line 240: The property name Surface in BtnEnh2 is invalid.
Line 241: The property name ShadowColor in BtnEnh2 is invalid.
Line 242: The property name SmoothEdges in BtnEnh2 is invalid.
Line 243: The property name SpecialEffect in BtnEnh2 is invalid.
Line 244: The property name LogPixels in BtnEnh2 is invalid.
Line 245: The property name UserData in BtnEnh2 is invalid.
Line 246: The property name Res in BtnEnh2 is invalid.
Line 247: The property name BitsPix in BtnEnh2 is invalid.
Line 248: The property name textCaption in BtnEnh2 is invalid.
Line 249: The property name textLT in BtnEnh2 is invalid.
Line 250: The property name textCT in BtnEnh2 is invalid.
Line 251: The property name textRT in BtnEnh2 is invalid.
Line 252: The property name textLM in BtnEnh2 is invalid.
Line 253: The property name textRM in BtnEnh2 is invalid.
Line 254: The property name textLB in BtnEnh2 is invalid.
Line 255: The property name textCB in BtnEnh2 is invalid.
Line 256: The property name textRB in BtnEnh2 is invalid.
Line 257: The property name colorBack in BtnEnh2 is invalid.
Line 258: The property name colorIntern in BtnEnh2 is invalid.
Line 259: The property name colorMO in BtnEnh2 is invalid.
Line 260: The property name colorFocus in BtnEnh2 is invalid.
Line 261: The property name colorDisabled in BtnEnh2 is invalid.
Line 262: The property name colorPressed in BtnEnh2 is invalid.
Line 270: The property name _Version in BtnEnh3 is invalid.
Line 271: The property name _ExtentX in BtnEnh3 is invalid.
Line 272: The property name _ExtentY in BtnEnh3 is invalid.
Line 273: The property name _StockProps in BtnEnh3 is invalid.
Line 274: The property name Caption in BtnEnh3 is invalid.
Line 283: The property name FontCaption in BtnEnh3 is invalid.
Line 292: The property name FontTextLT in BtnEnh3 is invalid.
Line 301: The property name FontTextCT in BtnEnh3 is invalid.
Line 310: The property name FontTextRT in BtnEnh3 is invalid.
Line 319: The property name FontTextLM in BtnEnh3 is invalid.
Line 328: The property name FontTextRM in BtnEnh3 is invalid.
Line 337: The property name FontTextLB in BtnEnh3 is invalid.
Line 346: The property name FontTextCB in BtnEnh3 is invalid.
Line 355: The property name FontTextRB in BtnEnh3 is invalid.
Line 356: The property name Shape in BtnEnh3 is invalid.
Line 357: The property name Surface in BtnEnh3 is invalid.
Line 358: The property name ShadowColor in BtnEnh3 is invalid.
Line 359: The property name SmoothEdges in BtnEnh3 is invalid.
Line 360: The property name SpecialEffect in BtnEnh3 is invalid.
Line 361: The property name LogPixels in BtnEnh3 is invalid.
Line 362: The property name UserData in BtnEnh3 is invalid.
Line 363: The property name Res in BtnEnh3 is invalid.
Line 364: The property name BitsPix in BtnEnh3 is invalid.
Line 365: The property name textCaption in BtnEnh3 is invalid.
Line 366: The property name textLT in BtnEnh3 is invalid.
Line 367: The property name textCT in BtnEnh3 is invalid.
Line 368: The property name textRT in BtnEnh3 is invalid.
Line 369: The property name textLM in BtnEnh3 is invalid.
Line 370: The property name textRM in BtnEnh3 is invalid.
Line 371: The property name textLB in BtnEnh3 is invalid.
Line 372: The property name textCB in BtnEnh3 is invalid.
Line 373: The property name textRB in BtnEnh3 is invalid.
Line 374: The property name colorBack in BtnEnh3 is invalid.
Line 375: The property name colorIntern in BtnEnh3 is invalid.
Line 376: The property name colorMO in BtnEnh3 is invalid.
Line 377: The property name colorFocus in BtnEnh3 is invalid.
Line 378: The property name colorDisabled in BtnEnh3 is invalid.
Line 379: The property name colorPressed in BtnEnh3 is invalid.
Line 387: The property name _Version in BtnEnh4 is invalid.
Line 388: The property name _ExtentX in BtnEnh4 is invalid.
Line 389: The property name _ExtentY in BtnEnh4 is invalid.
Line 390: The property name _StockProps in BtnEnh4 is invalid.
Line 391: The property name Caption in BtnEnh4 is invalid.
Line 400: The property name FontCaption in BtnEnh4 is invalid.
Line 409: The property name FontTextLT in BtnEnh4 is invalid.
Line 418: The property name FontTextCT in BtnEnh4 is invalid.
Line 427: The property name FontTextRT in BtnEnh4 is invalid.
Line 436: The property name FontTextLM in BtnEnh4 is invalid.
Line 445: The property name FontTextRM in BtnEnh4 is invalid.
Line 454: The property name FontTextLB in BtnEnh4 is invalid.
Line 463: The property name FontTextCB in BtnEnh4 is invalid.
Line 472: The property name FontTextRB in BtnEnh4 is invalid.
Line 473: The property name Shape in BtnEnh4 is invalid.
Line 474: The property name Surface in BtnEnh4 is invalid.
Line 475: The property name ShadowColor in BtnEnh4 is invalid.
Line 476: The property name SmoothEdges in BtnEnh4 is invalid.
Line 477: The property name SpecialEffect in BtnEnh4 is invalid.
Line 478: The property name LogPixels in BtnEnh4 is invalid.
Line 479: The property name UserData in BtnEnh4 is invalid.
Line 480: The property name Res in BtnEnh4 is invalid.
Line 481: The property name BitsPix in BtnEnh4 is invalid.
Line 482: The property name textCaption in BtnEnh4 is invalid.
Line 483: The property name textLT in BtnEnh4 is invalid.
Line 484: The property name textCT in BtnEnh4 is invalid.
Line 485: The property name textRT in BtnEnh4 is invalid.
Line 486: The property name textLM in BtnEnh4 is invalid.
Line 487: The property name textRM in BtnEnh4 is invalid.
Line 488: The property name textLB in BtnEnh4 is invalid.
Line 489: The property name textCB in BtnEnh4 is invalid.
Line 490: The property name textRB in BtnEnh4 is invalid.
Line 491: The property name colorBack in BtnEnh4 is invalid.
Line 492: The property name colorIntern in BtnEnh4 is invalid.
Line 493: The property name colorMO in BtnEnh4 is invalid.
Line 494: The property name colorFocus in BtnEnh4 is invalid.
Line 495: The property name colorDisabled in BtnEnh4 is invalid.
Line 496: The property name colorPressed in BtnEnh4 is invalid.
Line 504: The property name _Version in BtnEnh5 is invalid.
Line 505: The property name _ExtentX in BtnEnh5 is invalid.
Line 506: The property name _ExtentY in BtnEnh5 is invalid.
Line 507: The property name _StockProps in BtnEnh5 is invalid.
Line 508: The property name Caption in BtnEnh5 is invalid.
Line 517: The property name FontCaption in BtnEnh5 is invalid.
Line 526: The property name FontTextLT in BtnEnh5 is invalid.
Line 535: The property name FontTextCT in BtnEnh5 is invalid.
Line 544: The property name FontTextRT in BtnEnh5 is invalid.
Line 553: The property name FontTextLM in BtnEnh5 is invalid.
Line 562: The property name FontTextRM in BtnEnh5 is invalid.
Line 571: The property name FontTextLB in BtnEnh5 is invalid.
Line 580: The property name FontTextCB in BtnEnh5 is invalid.
Line 589: The property name FontTextRB in BtnEnh5 is invalid.
Line 590: The property name Shape in BtnEnh5 is invalid.
Line 591: The property name Surface in BtnEnh5 is invalid.
Line 592: The property name ShadowColor in BtnEnh5 is invalid.
Line 593: The property name SmoothEdges in BtnEnh5 is invalid.
Line 594: The property name SpecialEffect in BtnEnh5 is invalid.
Line 595: The property name LogPixels in BtnEnh5 is invalid.
Line 596: The property name UserData in BtnEnh5 is invalid.
Line 597: The property name Res in BtnEnh5 is invalid.
Line 598: The property name BitsPix in BtnEnh5 is invalid.
Line 599: The property name textCaption in BtnEnh5 is invalid.
Line 600: The property name textLT in BtnEnh5 is invalid.
Line 601: The property name textCT in BtnEnh5 is invalid.
Line 602: The property name textRT in BtnEnh5 is invalid.
Line 603: The property name textLM in BtnEnh5 is invalid.
Line 604: The property name textRM in BtnEnh5 is invalid.
Line 605: The property name textLB in BtnEnh5 is invalid.
Line 606: The property name textCB in BtnEnh5 is invalid.
Line 607: The property name textRB in BtnEnh5 is invalid.
Line 608: The property name colorBack in BtnEnh5 is invalid.
Line 609: The property name colorIntern in BtnEnh5 is invalid.
Line 610: The property name colorMO in BtnEnh5 is invalid.
Line 611: The property name colorFocus in BtnEnh5 is invalid.
Line 612: The property name colorDisabled in BtnEnh5 is invalid.
Line 613: The property name colorPressed in BtnEnh5 is invalid.
Line 623: The property name PLaying in AniGIF1 is invalid.
Line 624: The property name Transparent in AniGIF1 is invalid.
Line 625: The property name Speed in AniGIF1 is invalid.
Line 626: The property name Stretch in AniGIF1 is invalid.
Line 628: The property name SequenceString in AniGIF1 is invalid.
Line 629: The property name Sequence in AniGIF1 is invalid.
Line 630: The property name HTTPProxy in AniGIF1 is invalid.
Line 631: The property name HTTPUserName in AniGIF1 is invalid.
Line 632: The property name HTTPPassword in AniGIF1 is invalid.
Line 634: The property name GIF in AniGIF1 is invalid.
Line 635: The property name ExtendWidth in AniGIF1 is invalid.
Line 636: The property name ExtendHeight in AniGIF1 is invalid.
Line 637: The property name Loop in AniGIF1 is invalid.
Line 638: The property name AutoRewind in AniGIF1 is invalid.
Line 639: The property name Synchronized in AniGIF1 is invalid.
Line 36: The property name _Version in BtnEnh1 is invalid.
Line 37: The property name _ExtentX in BtnEnh1 is invalid.
Line 38: The property name _ExtentY in BtnEnh1 is invalid.
Line 39: The property name _StockProps in BtnEnh1 is invalid.
Line 40: The property name Caption in BtnEnh1 is invalid.
Line 49: The property name FontCaption in BtnEnh1 is invalid.
Line 58: The property name FontTextLT in BtnEnh1 is invalid.
Line 67: The property name FontTextCT in BtnEnh1 is invalid.
Line 76: The property name FontTextRT in BtnEnh1 is invalid.
Line 85: The property name FontTextLM in BtnEnh1 is invalid.
Line 94: The property name FontTextRM in BtnEnh1 is invalid.
Line 103: The property name FontTextLB in BtnEnh1 is invalid.
Line 112: The property name FontTextCB in BtnEnh1 is invalid.
Line 121: The property name FontTextRB in BtnEnh1 is invalid.
Line 122: The property name Shape in BtnEnh1 is invalid.
Line 123: The property name Surface in BtnEnh1 is invalid.
Line 124: The property name ShadowColor in BtnEnh1 is invalid.
Line 125: The property name SmoothEdges in BtnEnh1 is invalid.
Line 126: The property name SpecialEffect in BtnEnh1 is invalid.
Line 127: The property name LogPixels in BtnEnh1 is invalid.
Line 128: The property name UserData in BtnEnh1 is invalid.
Line 129: The property name Res in BtnEnh1 is invalid.
Line 130: The property name BitsPix in BtnEnh1 is invalid.
Line 131: The property name textCaption in BtnEnh1 is invalid.
Line 132: The property name textLT in BtnEnh1 is invalid.
Line 133: The property name textCT in BtnEnh1 is invalid.
Line 134: The property name textRT in BtnEnh1 is invalid.
Line 135: The property name textLM in BtnEnh1 is invalid.
Line 136: The property name textRM in BtnEnh1 is invalid.
Line 137: The property name textLB in BtnEnh1 is invalid.
Line 138: The property name textCB in BtnEnh1 is invalid.
Line 139: The property name textRB in BtnEnh1 is invalid.
Line 140: The property name colorBack in BtnEnh1 is invalid.
Line 141: The property name colorIntern in BtnEnh1 is invalid.
Line 142: The property name colorMO in BtnEnh1 is invalid.
Line 143: The property name colorFocus in BtnEnh1 is invalid.
Line 144: The property name colorDisabled in BtnEnh1 is invalid.
Line 145: The property name colorPressed in BtnEnh1 is invalid.
Line 153: The property name _Version in BtnEnh2 is invalid.
Line 154: The property name _ExtentX in BtnEnh2 is invalid.
Line 155: The property name _ExtentY in BtnEnh2 is invalid.
Line 156: The property name _StockProps in BtnEnh2 is invalid.
Line 157: The property name Caption in BtnEnh2 is invalid.
Line 166: The property name FontCaption in BtnEnh2 is invalid.
Line 175: The property name FontTextLT in BtnEnh2 is invalid.
Line 184: The property name FontTextCT in BtnEnh2 is invalid.
Line 193: The property name FontTextRT in BtnEnh2 is invalid.
Line 202: The property name FontTextLM in BtnEnh2 is invalid.
Line 211: The property name FontTextRM in BtnEnh2 is invalid.
Line 220: The property name FontTextLB in BtnEnh2 is invalid.
Line 229: The property name FontTextCB in BtnEnh2 is invalid.
Line 238: The property name FontTextRB in BtnEnh2 is invalid.
Line 239: The property name Shape in BtnEnh2 is invalid.
Line 240: The property name Surface in BtnEnh2 is invalid.
Line 241: The property name ShadowColor in BtnEnh2 is invalid.
Line 242: The property name SmoothEdges in BtnEnh2 is invalid.
Line 243: The property name SpecialEffect in BtnEnh2 is invalid.
Line 244: The property name LogPixels in BtnEnh2 is invalid.
Line 245: The property name UserData in BtnEnh2 is invalid.
Line 246: The property name Res in BtnEnh2 is invalid.
Line 247: The property name BitsPix in BtnEnh2 is invalid.
Line 248: The property name textCaption in BtnEnh2 is invalid.
Line 249: The property name textLT in BtnEnh2 is invalid.
Line 250: The property name textCT in BtnEnh2 is invalid.
Line 251: The property name textRT in BtnEnh2 is invalid.
Line 252: The property name textLM in BtnEnh2 is invalid.
Line 253: The property name textRM in BtnEnh2 is invalid.
Line 254: The property name textLB in BtnEnh2 is invalid.
Line 255: The property name textCB in BtnEnh2 is invalid.
Line 256: The property name textRB in BtnEnh2 is invalid.
Line 257: The property name colorBack in BtnEnh2 is invalid.
Line 258: The property name colorIntern in BtnEnh2 is invalid.
Line 259: The property name colorMO in BtnEnh2 is invalid.
Line 260: The property name colorFocus in BtnEnh2 is invalid.
Line 261: The property name colorDisabled in BtnEnh2 is invalid.
Line 262: The property name colorPressed in BtnEnh2 is invalid.
Line 270: The property name _Version in BtnEnh3 is invalid.
Line 271: The property name _ExtentX in BtnEnh3 is invalid.
Line 272: The property name _ExtentY in BtnEnh3 is invalid.
Line 273: The property name _StockProps in BtnEnh3 is invalid.
Line 274: The property name Caption in BtnEnh3 is invalid.
Line 283: The property name FontCaption in BtnEnh3 is invalid.
Line 292: The property name FontTextLT in BtnEnh3 is invalid.
Line 301: The property name FontTextCT in BtnEnh3 is invalid.
Line 310: The property name FontTextRT in BtnEnh3 is invalid.
Line 319: The property name FontTextLM in BtnEnh3 is invalid.
Line 328: The property name FontTextRM in BtnEnh3 is invalid.
Line 337: The property name FontTextLB in BtnEnh3 is invalid.
Line 346: The property name FontTextCB in BtnEnh3 is invalid.
Line 355: The property name FontTextRB in BtnEnh3 is invalid.
Line 356: The property name Shape in BtnEnh3 is invalid.
Line 357: The property name Surface in BtnEnh3 is invalid.
Line 358: The property name ShadowColor in BtnEnh3 is invalid.
Line 359: The property name SmoothEdges in BtnEnh3 is invalid.
Line 360: The property name SpecialEffect in BtnEnh3 is invalid.
Line 361: The property name LogPixels in BtnEnh3 is invalid.
Line 362: The property name UserData in BtnEnh3 is invalid.
Line 363: The property name Res in BtnEnh3 is invalid.
Line 364: The property name BitsPix in BtnEnh3 is invalid.
Line 365: The property name textCaption in BtnEnh3 is invalid.
Line 366: The property name textLT in BtnEnh3 is invalid.
Line 367: The property name textCT in BtnEnh3 is invalid.
Line 368: The property name textRT in BtnEnh3 is invalid.
Line 369: The property name textLM in BtnEnh3 is invalid.
Line 370: The property name textRM in BtnEnh3 is invalid.
Line 371: The property name textLB in BtnEnh3 is invalid.
Line 372: The property name textCB in BtnEnh3 is invalid.
Line 373: The property name textRB in BtnEnh3 is invalid.
Line 374: The property name colorBack in BtnEnh3 is invalid.
Line 375: The property name colorIntern in BtnEnh3 is invalid.
Line 376: The property name colorMO in BtnEnh3 is invalid.
Line 377: The property name colorFocus in BtnEnh3 is invalid.
Line 378: The property name colorDisabled in BtnEnh3 is invalid.
Line 379: The property name colorPressed in BtnEnh3 is invalid.
Line 387: The property name _Version in BtnEnh4 is invalid.
Line 388: The property name _ExtentX in BtnEnh4 is invalid.
Line 389: The property name _ExtentY in BtnEnh4 is invalid.
Line 390: The property name _StockProps in BtnEnh4 is invalid.
Line 391: The property name Caption in BtnEnh4 is invalid.
Line 400: The property name FontCaption in BtnEnh4 is invalid.
Line 409: The property name FontTextLT in BtnEnh4 is invalid.
Line 418: The property name FontTextCT in BtnEnh4 is invalid.
Line 427: The property name FontTextRT in BtnEnh4 is invalid.
Line 436: The property name FontTextLM in BtnEnh4 is invalid.
Line 445: The property name FontTextRM in BtnEnh4 is invalid.
Line 454: The property name FontTextLB in BtnEnh4 is invalid.
Line 463: The property name FontTextCB in BtnEnh4 is invalid.
Line 472: The property name FontTextRB in BtnEnh4 is invalid.
Line 473: The property name Shape in BtnEnh4 is invalid.
Line 474: The property name Surface in BtnEnh4 is invalid.
Line 475: The property name ShadowColor in BtnEnh4 is invalid.
Line 476: The property name SmoothEdges in BtnEnh4 is invalid.
Line 477: The property name SpecialEffect in BtnEnh4 is invalid.
Line 478: The property name LogPixels in BtnEnh4 is invalid.
Line 479: The property name UserData in BtnEnh4 is invalid.
Line 480: The property name Res in BtnEnh4 is invalid.
Line 481: The property name BitsPix in BtnEnh4 is invalid.
Line 482: The property name textCaption in BtnEnh4 is invalid.
Line 483: The property name textLT in BtnEnh4 is invalid.
Line 484: The property name textCT in BtnEnh4 is invalid.
Line 485: The property name textRT in BtnEnh4 is invalid.
Line 486: The property name textLM in BtnEnh4 is invalid.
Line 487: The property name textRM in BtnEnh4 is invalid.
Line 488: The property name textLB in BtnEnh4 is invalid.
Line 489: The property name textCB in BtnEnh4 is invalid.
Line 490: The property name textRB in BtnEnh4 is invalid.
Line 491: The property name colorBack in BtnEnh4 is invalid.
Line 492: The property name colorIntern in BtnEnh4 is invalid.
Line 493: The property name colorMO in BtnEnh4 is invalid.
Line 494: The property name colorFocus in BtnEnh4 is invalid.
Line 495: The property name colorDisabled in BtnEnh4 is invalid.
Line 496: The property name colorPressed in BtnEnh4 is invalid.
Line 504: The property name _Version in BtnEnh5 is invalid.
Line 505: The property name _ExtentX in BtnEnh5 is invalid.
Line 506: The property name _ExtentY in BtnEnh5 is invalid.
Line 507: The property name _StockProps in BtnEnh5 is invalid.
Line 508: The property name Caption in BtnEnh5 is invalid.
Line 517: The property name FontCaption in BtnEnh5 is invalid.
Line 526: The property name FontTextLT in BtnEnh5 is invalid.
Line 535: The property name FontTextCT in BtnEnh5 is invalid.
Line 544: The property name FontTextRT in BtnEnh5 is invalid.
Line 553: The property name FontTextLM in BtnEnh5 is invalid.
Line 562: The property name FontTextRM in BtnEnh5 is invalid.
Line 571: The property name FontTextLB in BtnEnh5 is invalid.
Line 580: The property name FontTextCB in BtnEnh5 is invalid.
Line 589: The property name FontTextRB in BtnEnh5 is invalid.
Line 590: The property name Shape in BtnEnh5 is invalid.
Line 591: The property name Surface in BtnEnh5 is invalid.
Line 592: The property name ShadowColor in BtnEnh5 is invalid.
Line 593: The property name SmoothEdges in BtnEnh5 is invalid.
Line 594: The property name SpecialEffect in BtnEnh5 is invalid.
Line 595: The property name LogPixels in BtnEnh5 is invalid.
Line 596: The property name UserData in BtnEnh5 is invalid.
Line 597: The property name Res in BtnEnh5 is invalid.
Line 598: The property name BitsPix in BtnEnh5 is invalid.
Line 599: The property name textCaption in BtnEnh5 is invalid.
Line 600: The property name textLT in BtnEnh5 is invalid.
Line 601: The property name textCT in BtnEnh5 is invalid.
Line 602: The property name textRT in BtnEnh5 is invalid.
Line 603: The property name textLM in BtnEnh5 is invalid.
Line 604: The property name textRM in BtnEnh5 is invalid.
Line 605: The property name textLB in BtnEnh5 is invalid.
Line 606: The property name textCB in BtnEnh5 is invalid.
Line 607: The property name textRB in BtnEnh5 is invalid.
Line 608: The property name colorBack in BtnEnh5 is invalid.
Line 609: The property name colorIntern in BtnEnh5 is invalid.
Line 610: The property name colorMO in BtnEnh5 is invalid.
Line 611: The property name colorFocus in BtnEnh5 is invalid.
Line 612: The property name colorDisabled in BtnEnh5 is invalid.
Line 613: The property name colorPressed in BtnEnh5 is invalid.
Line 623: The property name PLaying in AniGIF1 is invalid.
Line 624: The property name Transparent in AniGIF1 is invalid.
Line 625: The property name Speed in AniGIF1 is invalid.
Line 626: The property name Stretch in AniGIF1 is invalid.
Line 628: The property name SequenceString in AniGIF1 is invalid.
Line 629: The property name Sequence in AniGIF1 is invalid.
Line 630: The property name HTTPProxy in AniGIF1 is invalid.
Line 631: The property name HTTPUserName in AniGIF1 is invalid.
Line 632: The property name HTTPPassword in AniGIF1 is invalid.
Line 634: The property name GIF in AniGIF1 is invalid.
Line 635: The property name ExtendWidth in AniGIF1 is invalid.
Line 636: The property name ExtendHeight in AniGIF1 is invalid.
Line 637: The property name Loop in AniGIF1 is invalid.
Line 638: The property name AutoRewind in AniGIF1 is invalid.
Line 639: The property name Synchronized in AniGIF1 is invalid.
